This is pdfTeX, Version 3.14159265-2.6-1.40.20 (TeX Live 2019/W32TeX) (preloaded format=pdflatex 2020.2.3)  20 MAR 2020 23:13
entering extended mode
 restricted \write18 enabled.
 file:line:error style messages enabled.
 %&-line parsing enabled.
**"e:/Github/Document/Application of Machine Learning in Renewable Energy Production/Application of Machine Learning in Renewable Energy Production.tex"
(e:/Github/Document/Application of Machine Learning in Renewable Energy Production/Application of Machine Learning in Renewable Energy Production.tex
LaTeX2e <2019-10-01> patch level 3
(c:/texlive/2019/texmf-dist/tex/latex/base/article.cls
Document Class: article 2019/10/25 v1.4k Standard LaTeX document class
(c:/texlive/2019/texmf-dist/tex/latex/base/size10.clo
File: size10.clo 2019/10/25 v1.4k Standard LaTeX file (size option)
)
\c@part=\count80
\c@section=\count81
\c@subsection=\count82
\c@subsubsection=\count83
\c@paragraph=\count84
\c@subparagraph=\count85
\c@figure=\count86
\c@table=\count87
\abovecaptionskip=\skip41
\belowcaptionskip=\skip42
\bibindent=\dimen102
) (c:/texlive/2019/texmf-dist/tex/latex/cjk-ko/kotex.sty
Package: kotex 2015/04/19 v1.6 Korean TeX (ko.TeX)
 (c:/texlive/2019/texmf-dist/tex/latex/kotex-utf/kotex.cfg) (c:/texlive/2019/texmf-dist/tex/latex/kotex-utf/kotexutf.sty
Package: kotexutf 2015/07/18 v2.1.1 typesetting UTF-8 Korean documents
 (c:/texlive/2019/texmf-dist/tex/latex/base/inputenc.sty
Package: inputenc 2018/08/11 v1.3c Input encoding file
\inpenc@prehook=\toks14
\inpenc@posthook=\toks15
) (c:/texlive/2019/texmf-dist/tex/plain/kotex-plain/kotexutf-core.tex
\unih@ngulpoint=\count88
\dhucs@emph@raise=\dimen103
)
Now handling font encoding LUC ...
... processing UTF-8 mapping file for font encoding LUC
 (c:/texlive/2019/texmf-dist/tex/latex/kotex-utf/lucenc.dfu
File: lucenc.dfu 2007/09/05 UTF-8 support for dhucs
   defining Unicode char U+00B7 (decimal 183)
   defining Unicode char U+2018 (decimal 8216)
   defining Unicode char U+2019 (decimal 8217)
   defining Unicode char U+201C (decimal 8220)
   defining Unicode char U+201D (decimal 8221)
   defining Unicode char U+3001 (decimal 12289)
   defining Unicode char U+3002 (decimal 12290)
   defining Unicode char U+3008 (decimal 12296)
   defining Unicode char U+3009 (decimal 12297)
   defining Unicode char U+300A (decimal 12298)
   defining Unicode char U+300B (decimal 12299)
   defining Unicode char U+300C (decimal 12300)
   defining Unicode char U+300D (decimal 12301)
   defining Unicode char U+300E (decimal 12302)
   defining Unicode char U+300F (decimal 12303)
   defining Unicode char U+3010 (decimal 12304)
   defining Unicode char U+3011 (decimal 12305)
   defining Unicode char U+3014 (decimal 12308)
   defining Unicode char U+3015 (decimal 12309)
   defining Unicode char U+3016 (decimal 12310)
   defining Unicode char U+3017 (decimal 12311)
   defining Unicode char U+3018 (decimal 12312)
   defining Unicode char U+3019 (decimal 12313)
   defining Unicode char U+301A (decimal 12314)
   defining Unicode char U+301B (decimal 12315)
   defining Unicode char U+FF01 (decimal 65281)
   defining Unicode char U+FF08 (decimal 65288)
   defining Unicode char U+FF09 (decimal 65289)
   defining Unicode char U+FF0C (decimal 65292)
   defining Unicode char U+FF0E (decimal 65294)
   defining Unicode char U+FF1A (decimal 65306)
   defining Unicode char U+FF1B (decimal 65307)
   defining Unicode char U+FF1C (decimal 65308)
   defining Unicode char U+FF1D (decimal 65309)
   defining Unicode char U+FF1E (decimal 65310)
   defining Unicode char U+FF1F (decimal 65311)
   defining Unicode char U+FF3B (decimal 65339)
   defining Unicode char U+FF3D (decimal 65341)
   defining Unicode char U+FF5B (decimal 65371)
   defining Unicode char U+FF5D (decimal 65373)
   defining Unicode char U+FF61 (decimal 65377)
   defining Unicode char U+FF62 (decimal 65378)
   defining Unicode char U+FF63 (decimal 65379)
   defining Unicode char U+FF64 (decimal 65380)
   defining Unicode char U+FF65 (decimal 65381)
)
\@josa=\count89
\josatoks=\toks16
 (c:/texlive/2019/texmf-dist/tex/latex/cjk-ko/kolabels-utf.sty
Package: kolabels-utf 2015/03/20 v1.5 UTF-8 Hangul item labels
))) (c:/texlive/2019/texmf-dist/tex/latex/amsfonts/amssymb.sty
Package: amssymb 2013/01/14 v3.01 AMS font symbols
 (c:/texlive/2019/texmf-dist/tex/latex/amsfonts/amsfonts.sty
Package: amsfonts 2013/01/14 v3.01 Basic AMSFonts support
\@emptytoks=\toks17
\symAMSa=\mathgroup4
\symAMSb=\mathgroup5
LaTeX Font Info:    Redeclaring math symbol \hbar on input line 98.
LaTeX Font Info:    Overwriting math alphabet `\mathfrak' in version `bold'
(Font)                  U/euf/m/n --> U/euf/b/n on input line 106.
)) (c:/texlive/2019/texmf-dist/tex/latex/amsmath/amsmath.sty
Package: amsmath 2019/11/16 v2.17d AMS math features
\@mathmargin=\skip43

For additional information on amsmath, use the `?' option.
(c:/texlive/2019/texmf-dist/tex/latex/amsmath/amstext.sty
Package: amstext 2000/06/29 v2.01 AMS text
 (c:/texlive/2019/texmf-dist/tex/latex/amsmath/amsgen.sty
File: amsgen.sty 1999/11/30 v2.0 generic functions
\@emptytoks=\toks18
\ex@=\dimen104
)) (c:/texlive/2019/texmf-dist/tex/latex/amsmath/amsbsy.sty
Package: amsbsy 1999/11/29 v1.2d Bold Symbols
\pmbraise@=\dimen105
) (c:/texlive/2019/texmf-dist/tex/latex/amsmath/amsopn.sty
Package: amsopn 2016/03/08 v2.02 operator names
)
\inf@bad=\count90
LaTeX Info: Redefining \frac on input line 227.
\uproot@=\count91
\leftroot@=\count92
LaTeX Info: Redefining \overline on input line 389.
\classnum@=\count93
\DOTSCASE@=\count94
LaTeX Info: Redefining \ldots on input line 486.
LaTeX Info: Redefining \dots on input line 489.
LaTeX Info: Redefining \cdots on input line 610.
\Mathstrutbox@=\box27
\strutbox@=\box28
\big@size=\dimen106
LaTeX Font Info:    Redeclaring font encoding OML on input line 733.
LaTeX Font Info:    Redeclaring font encoding OMS on input line 734.
\macc@depth=\count95
\c@MaxMatrixCols=\count96
\dotsspace@=\muskip10
\c@parentequation=\count97
\dspbrk@lvl=\count98
\tag@help=\toks19
\row@=\count99
\column@=\count100
\maxfields@=\count101
\andhelp@=\toks20
\eqnshift@=\dimen107
\alignsep@=\dimen108
\tagshift@=\dimen109
\tagwidth@=\dimen110
\totwidth@=\dimen111
\lineht@=\dimen112
\@envbody=\toks21
\multlinegap=\skip44
\multlinetaggap=\skip45
\mathdisplay@stack=\toks22
LaTeX Info: Redefining \[ on input line 2858.
LaTeX Info: Redefining \] on input line 2859.
) (c:/texlive/2019/texmf-dist/tex/latex/setspace/setspace.sty
Package: setspace 2011/12/19 v6.7a set line spacing
) (c:/texlive/2019/texmf-dist/tex/latex/graphics/graphicx.sty
Package: graphicx 2017/06/01 v1.1a Enhanced LaTeX Graphics (DPC,SPQR)
 (c:/texlive/2019/texmf-dist/tex/latex/graphics/keyval.sty
Package: keyval 2014/10/28 v1.15 key=value parser (DPC)
\KV@toks@=\toks23
) (c:/texlive/2019/texmf-dist/tex/latex/graphics/graphics.sty
Package: graphics 2019/11/01 v1.3d Standard LaTeX Graphics (DPC,SPQR)
 (c:/texlive/2019/texmf-dist/tex/latex/graphics/trig.sty
Package: trig 2016/01/03 v1.10 sin cos tan (DPC)
) (c:/texlive/2019/texmf-dist/tex/latex/graphics-cfg/graphics.cfg
File: graphics.cfg 2016/06/04 v1.11 sample graphics configuration
)
Package graphics Info: Driver file: pdftex.def on input line 105.
 (c:/texlive/2019/texmf-dist/tex/latex/graphics-def/pdftex.def
File: pdftex.def 2018/01/08 v1.0l Graphics/color driver for pdftex
))
\Gin@req@height=\dimen113
\Gin@req@width=\dimen114
) (c:/texlive/2019/texmf-dist/tex/latex/booktabs/booktabs.sty
Package: booktabs 2020/01/12 v1.61803398 Publication quality tables
\heavyrulewidth=\dimen115
\lightrulewidth=\dimen116
\cmidrulewidth=\dimen117
\belowrulesep=\dimen118
\belowbottomsep=\dimen119
\aboverulesep=\dimen120
\abovetopsep=\dimen121
\cmidrulesep=\dimen122
\cmidrulekern=\dimen123
\defaultaddspace=\dimen124
\@cmidla=\count102
\@cmidlb=\count103
\@aboverulesep=\dimen125
\@belowrulesep=\dimen126
\@thisruleclass=\count104
\@lastruleclass=\count105
\@thisrulewidth=\dimen127
) (c:/texlive/2019/texmf-dist/tex/latex/subfigure/subfigure.sty
Package: subfigure 2002/03/15 v2.1.5 subfigure package
\subfigtopskip=\skip46
\subfigcapskip=\skip47
\subfigcaptopadj=\dimen128
\subfigbottomskip=\skip48
\subfigcapmargin=\dimen129
\subfiglabelskip=\skip49
\c@subfigure=\count106
\c@lofdepth=\count107
\c@subtable=\count108
\c@lotdepth=\count109

****************************************
* Local config file subfigure.cfg used *
****************************************
(c:/texlive/2019/texmf-dist/tex/latex/subfigure/subfigure.cfg)
\subfig@top=\skip50
\subfig@bottom=\skip51
) (e:/Github/Document/Application of Machine Learning in Renewable Energy Production/Application of Machine Learning in Renewable Energy Production.aux

LaTeX Warning: Label `fig_1' multiply defined.


LaTeX Warning: Label `fig_2' multiply defined.

)
\openout1 = `"Application of Machine Learning in Renewable Energy Production.aux"'.

LaTeX Font Info:    Checking defaults for OML/cmm/m/it on input line 9.
LaTeX Font Info:    ... okay on input line 9.
LaTeX Font Info:    Checking defaults for T1/cmr/m/n on input line 9.
LaTeX Font Info:    ... okay on input line 9.
LaTeX Font Info:    Checking defaults for OT1/cmr/m/n on input line 9.
LaTeX Font Info:    ... okay on input line 9.
LaTeX Font Info:    Checking defaults for OMS/cmsy/m/n on input line 9.
LaTeX Font Info:    ... okay on input line 9.
LaTeX Font Info:    Checking defaults for OMX/cmex/m/n on input line 9.
LaTeX Font Info:    ... okay on input line 9.
LaTeX Font Info:    Checking defaults for U/cmr/m/n on input line 9.
LaTeX Font Info:    ... okay on input line 9.
LaTeX Font Info:    Checking defaults for LUC/nanummj/m/n on input line 9.
LaTeX Font Info:    Trying to load font information for LUC+nanummj on input line 9.
 (c:/texlive/2019/texmf-dist/tex/latex/nanumtype1/lucnanummj.fd
File: lucnanummj.fd 2013/02/12 v0.1 Nanum Myeongjo font definitions
)
LaTeX Font Info:    ... okay on input line 9.
 (c:/texlive/2019/texmf-dist/tex/context/base/mkii/supp-pdf.mkii
[Loading MPS to PDF converter (version 2006.09.02).]
\scratchcounter=\count110
\scratchdimen=\dimen130
\scratchbox=\box29
\nofMPsegments=\count111
\nofMParguments=\count112
\everyMPshowfont=\toks24
\MPscratchCnt=\count113
\MPscratchDim=\dimen131
\MPnumerator=\count114
\makeMPintoPDFobject=\count115
\everyMPtoPDFconversion=\toks25
) (c:/texlive/2019/texmf-dist/tex/latex/epstopdf-pkg/epstopdf-base.sty
Package: epstopdf-base 2020-01-24 v2.11 Base part for package epstopdf
Package epstopdf-base Info: Redefining graphics rule for `.eps' on input line 485.
 (c:/texlive/2019/texmf-dist/tex/latex/latexconfig/epstopdf-sys.cfg
File: epstopdf-sys.cfg 2010/07/13 v1.3 Configuration of (r)epstopdf for TeX Live
))
LaTeX Font Info:    Trying to load font information for U+msa on input line 14.
 (c:/texlive/2019/texmf-dist/tex/latex/amsfonts/umsa.fd
File: umsa.fd 2013/01/14 v3.01 AMS symbols A
)
LaTeX Font Info:    Trying to load font information for U+msb on input line 14.
 (c:/texlive/2019/texmf-dist/tex/latex/amsfonts/umsb.fd
File: umsb.fd 2013/01/14 v3.01 AMS symbols B
) [1

{c:/texlive/2019/texmf-var/fonts/map/pdftex/updmap/pdftex.map}]
Overfull \hbox (6.83852pt too wide) in paragraph at lines 24--26
\LUC/nanummj/m/n/10/c7 |\LUC/nanummj/m/n/10/bc ^^X\LUC/nanummj/m/n/10/c8 ^^A\LUC/nanummj/m/n/10/c7 <\LUC/nanummj/m/n/10/b8 \ \LUC/nanummj/m/n/10/c0 ¬\LUC/nanummj/m/n/10/c6 ©\LUC/nanummj/m/n/10/b4 ^^X\LUC/nanummj/m/n/10/b2 ” \LUC/nanummj/m/n/10/ae 0\LUC/nanummj/m/n/10/bc ø\LUC/nanummj/m/n/10/c8 ^^A\LUC/nanummj/m/n/10/c7 x x\LUC/nanummj/m/n/10/ac õ\LUC/nanummj/m/n/10/c2 à\LUC/nanummj/m/n/10/ac ½\LUC/nanummj/m/n/10/b9 Ý \LUC/nanummj/m/n/10/c5 L\LUC/nanummj/m/n/10/ac à\LUC/nanummj/m/n/10/b9 ¬\LUC/nanummj/m/n/10/c9 ˜\LUC/nanummj/m/n/10/c7 x \LUC/nanummj/m/n/10/b2 ä\LUC/nanummj/m/n/10/ce 5\LUC/nanummj/m/n/10/c7 x\LUC/nanummj/m/n/10/ac õ\LUC/nanummj/m/n/10/c2 à\LUC/nanummj/m/n/10/ac ½\LUC/nanummj/m/n/10/b9 Ý\OT1/cmr/m/n/10 (Multi-Layer
 []


Overfull \hbox (0.89348pt too wide) in paragraph at lines 24--26
\OT1/cmr/m/n/10 Neu-ral Net-work)\LUC/nanummj/m/n/10/c7 X \LUC/nanummj/m/n/10/ac ½\LUC/nanummj/m/n/10/c6 ° \LUC/nanummj/m/n/10/b2 ä\LUC/nanummj/m/n/10/c7 L\LUC/nanummj/m/n/10/ac ü ^^Y\LUC/nanummj/m/n/10/c7 t …\LUC/nanummj/m/n/10/b8 %\LUC/nanummj/m/n/10/ce 5\OT1/cmr/m/n/10 (In-put Layer), \LUC/nanummj/m/n/10/c7 @\LUC/nanummj/m/n/10/b2 É\LUC/nanummj/m/n/10/ce 5\OT1/cmr/m/n/10 (Hid-den Layer),
 []

<./fig/Figure_1A.PNG, id=48, 458.46281pt x 324.46219pt>
File: ./fig/Figure_1A.PNG Graphic file (type png)
<use ./fig/Figure_1A.PNG>
Package pdftex.def Info: ./fig/Figure_1A.PNG  used on input line 29.
(pdftex.def)             Requested size: 103.50105pt x 73.24838pt.
<./fig/Figure_1B.PNG, id=50, 483.30562pt x 252.945pt>
File: ./fig/Figure_1B.PNG Graphic file (type png)
<use ./fig/Figure_1B.PNG>
Package pdftex.def Info: ./fig/Figure_1B.PNG  used on input line 30.
(pdftex.def)             Requested size: 137.9979pt x 72.2213pt.
[2]
<./fig/Figure_2.png, id=57, 812.7966pt x 503.9628pt>
File: ./fig/Figure_2.png Graphic file (type png)
<use ./fig/Figure_2.png>
Package pdftex.def Info: ./fig/Figure_2.png  used on input line 39.
(pdftex.def)             Requested size: 243.84085pt x 151.19pt.
 [3 <./fig/Figure_1A.png> <./fig/Figure_1B.png> <./fig/Figure_2.png>] [4]
<./fig/Figure_3.png, id=76, 530.9436pt x 213.4374pt>
File: ./fig/Figure_3.png Graphic file (type png)
<use ./fig/Figure_3.png>
Package pdftex.def Info: ./fig/Figure_3.png  used on input line 71.
(pdftex.def)             Requested size: 159.2843pt x 64.03171pt.
<./fig/Figure_4.png, id=77, 593.21625pt x 526.96875pt>
File: ./fig/Figure_4.png Graphic file (type png)
<use ./fig/Figure_4.png>
Package pdftex.def Info: ./fig/Figure_4.png  used on input line 83.
(pdftex.def)             Requested size: 118.64114pt x 105.39188pt.


LaTeX Warning: `h' float specifier changed to `ht'.

[5 <./fig/Figure_3.png>]
Overfull \hbox (13.62296pt too wide) in paragraph at lines 91--114
[][] 
 []

<./fig/Figure_5A.PNG, id=89, 484.81125pt x 420.82219pt>
File: ./fig/Figure_5A.PNG Graphic file (type png)
<use ./fig/Figure_5A.PNG>
Package pdftex.def Info: ./fig/Figure_5A.PNG  used on input line 119.
(pdftex.def)             Requested size: 155.24895pt x 134.75574pt.
<./fig/Figure_5B.PNG, id=90, 475.7775pt x 416.30531pt>
File: ./fig/Figure_5B.PNG Graphic file (type png)
<use ./fig/Figure_5B.PNG>
Package pdftex.def Info: ./fig/Figure_5B.PNG  used on input line 120.
(pdftex.def)             Requested size: 155.24895pt x 135.84392pt.

LaTeX Warning: `!h' float specifier changed to `!ht'.

[6 <./fig/Figure_4.PNG>] [7 <./fig/Figure_5A.PNG> <./fig/Figure_5B.PNG>] [8] (e:/Github/Document/Application of Machine Learning in Renewable Energy Production/Application of Machine Learning in Renewable Energy Production.aux)

LaTeX Warning: There were multiply-defined labels.

 ) 
Here is how much of TeX's memory you used:
 2967 strings out of 492162
 39192 string characters out of 6129063
 107605 words of memory out of 5000000
 7228 multiletter control sequences out of 15000+600000
 34899 words of font info for 125 fonts, out of 8000000 for 9000
 1141 hyphenation exceptions out of 8191
 34i,8n,31p,1953b,274s stack positions out of 5000i,500n,10000p,200000b,80000s
<c:/texlive/2019/texmf-dist/fonts/type1/public/amsfonts/cm/cmbx10.pfb><c:/texlive/2019/texmf-dist/fonts/type1/public/amsfonts/cm/cmbx12.pfb><c:/texlive/2019/texmf-dist/fonts/type1/public/amsfonts/cm/cmex10.pfb><c:/texlive/2019/texmf-dist/fonts/type1/public/amsfonts/cm/cmmi10.pfb><c:/texlive/2019/texmf-dist/fonts/type1/public/amsfonts/cm/cmmi7.pfb><c:/texlive/2019/texmf-dist/fonts/type1/public/amsfonts/cm/cmr10.pfb><c:/texlive/2019/texmf-dist/fonts/type1/public/amsfonts/cm/cmr12.pfb><c:/texlive/2019/texmf-dist/fonts/type1/public/amsfonts/cm/cmr7.pfb><c:/texlive/2019/texmf-dist/fonts/type1/public/amsfonts/cm/cmr8.pfb><c:/texlive/2019/texmf-dist/fonts/type1/public/amsfonts/cm/cmsy10.pfb><c:/texlive/2019/texmf-dist/fonts/type1/public/amsfonts/cm/cmsy7.pfb><c:/texlive/2019/texmf-dist/fonts/type1/public/nanumtype1/nanummjbac.pfb><c:/texlive/2019/texmf-dist/fonts/type1/public/nanumtype1/nanummjbad.pfb><c:/texlive/2019/texmf-dist/fonts/type1/public/nanumtype1/nanummjbb2.pfb><c:/texlive/2019/texmf-dist/fonts/type1/public/nanumtype1/nanummjbb3.pfb><c:/texlive/2019/texmf-dist/fonts/type1/public/nanumtype1/nanummjbb8.pfb><c:/texlive/2019/texmf-dist/fonts/type1/public/nanumtype1/nanummjbb9.pfb><c:/texlive/2019/texmf-dist/fonts/type1/public/nanumtype1/nanummjbba.pfb><c:/texlive/2019/texmf-dist/fonts/type1/public/nanumtype1/nanummjbbc.pfb><c:/texlive/2019/texmf-dist/fonts/type1/public/nanumtype1/nanummjbc1.pfb><c:/texlive/2019/texmf-dist/fonts/type1/public/nanumtype1/nanummjbc2.pfb><c:/texlive/2019/texmf-dist/fonts/type1/public/nanumtype1/nanummjbc5.pfb><c:/texlive/2019/texmf-dist/fonts/type1/public/nanumtype1/nanummjbc7.pfb><c:/texlive/2019/texmf-dist/fonts/type1/public/nanumtype1/nanummjbc9.pfb><c:/texlive/2019/texmf-dist/fonts/type1/public/nanumtype1/nanummjbcc.pfb><c:/texlive/2019/texmf-dist/fonts/type1/public/nanumtype1/nanummjbcd.pfb><c:/texlive/2019/texmf-dist/fonts/type1/public/nanumtype1/nanummjbd1.pfb><c:/texlive/2019/texmf-dist/fonts/type1/public/nanumtype1/nanummjbd5.pfb><c:/texlive/2019/texmf-dist/fonts/type1/public/nanumtype1/nanummjmac.pfb><c:/texlive/2019/texmf-dist/fonts/type1/public/nanumtype1/nanummjmad.pfb><c:/texlive/2019/texmf-dist/fonts/type1/public/nanumtype1/nanummjmae.pfb><c:/texlive/2019/texmf-dist/fonts/type1/public/nanumtype1/nanummjmb0.pfb><c:/texlive/2019/texmf-dist/fonts/type1/public/nanumtype1/nanummjmb1.pfb><c:/texlive/2019/texmf-dist/fonts/type1/public/nanumtype1/nanummjmb2.pfb><c:/texlive/2019/texmf-dist/fonts/type1/public/nanumtype1/nanummjmb3.pfb><c:/texlive/2019/texmf-dist/fonts/type1/public/nanumtype1/nanummjmb4.pfb><c:/texlive/2019/texmf-dist/fonts/type1/public/nanumtype1/nanummjmb5.pfb><c:/texlive/2019/texmf-dist/fonts/type1/public/nanumtype1/nanummjmb6.pfb><c:/texlive/2019/texmf-dist/fonts/type1/public/nanumtype1/nanummjmb7.pfb><c:/texlive/2019/texmf-dist/fonts/type1/public/nanumtype1/nanummjmb8.pfb><c:/texlive/2019/texmf-dist/fonts/type1/public/nanumtype1/nanummjmb9.pfb><c:/texlive/2019/texmf-dist/fonts/type1/public/nanumtype1/nanummjmba.pfb><c:/texlive/2019/texmf-dist/fonts/type1/public/nanumtype1/nanummjmbb.pfb><c:/texlive/2019/texmf-dist/fonts/type1/public/nanumtype1/nanummjmbc.pfb><c:/texlive/2019/texmf-dist/fonts/type1/public/nanumtype1/nanummjmbd.pfb><c:/texlive/2019/texmf-dist/fonts/type1/public/nanumtype1/nanummjmbe.pfb><c:/texlive/2019/texmf-dist/fonts/type1/public/nanumtype1/nanummjmbf.pfb><c:/texlive/2019/texmf-dist/fonts/type1/public/nanumtype1/nanummjmc0.pfb><c:/texlive/2019/texmf-dist/fonts/type1/public/nanumtype1/nanummjmc1.pfb><c:/texlive/2019/texmf-dist/fonts/type1/public/nanumtype1/nanummjmc2.pfb><c:/texlive/2019/texmf-dist/fonts/type1/public/nanumtype1/nanummjmc5.pfb><c:/texlive/2019/texmf-dist/fonts/type1/public/nanumtype1/nanummjmc6.pfb><c:/texlive/2019/texmf-dist/fonts/type1/public/nanumtype1/nanummjmc7.pfb><c:/texlive/2019/texmf-dist/fonts/type1/public/nanumtype1/nanummjmc8.pfb><c:/texlive/2019/texmf-dist/fonts/type1/public/nanumtype1/nanummjmc9.pfb><c:/texlive/2019/texmf-dist/fonts/type1/public/nanumtype1/nanummjmca.pfb><c:/texlive/2019/texmf-dist/fonts/type1/public/nanumtype1/nanummjmcc.pfb><c:/texlive/2019/texmf-dist/fonts/type1/public/nanumtype1/nanummjmcd.pfb><c:/texlive/2019/texmf-dist/fonts/type1/public/nanumtype1/nanummjmce.pfb><c:/texlive/2019/texmf-dist/fonts/type1/public/nanumtype1/nanummjmcf.pfb><c:/texlive/2019/texmf-dist/fonts/type1/public/nanumtype1/nanummjmd0.pfb><c:/texlive/2019/texmf-dist/fonts/type1/public/nanumtype1/nanummjmd1.pfb><c:/texlive/2019/texmf-dist/fonts/type1/public/nanumtype1/nanummjmd2.pfb><c:/texlive/2019/texmf-dist/fonts/type1/public/nanumtype1/nanummjmd3.pfb><c:/texlive/2019/texmf-dist/fonts/type1/public/nanumtype1/nanummjmd4.pfb><c:/texlive/2019/texmf-dist/fonts/type1/public/nanumtype1/nanummjmd5.pfb><c:/texlive/2019/texmf-dist/fonts/type1/public/nanumtype1/nanummjmd6.pfb><c:/texlive/2019/texmf-dist/fonts/type1/public/nanumtype1/nanummjmd7.pfb>
Output written on "e:/Github/Document/Application of Machine Learning in Renewable Energy Production/Application of Machine Learning in Renewable Energy Production.pdf" (8 pages, 3147564 bytes).
PDF statistics:
 320 PDF objects out of 1000 (max. 8388607)
 225 compressed objects within 3 object streams
 0 named destinations out of 1000 (max. 500000)
 36 words of extra memory for PDF output out of 10000 (max. 10000000)

